C51 COMPILER V9.54   MAIN                                                                  08/08/2022 12:45:50 PAGE 1   


C51 COMPILER V9.54, COMPILATION OF MODULE MAIN
OBJECT MODULE PLACED IN .\Objects\main.obj
COMPILER INVOKED BY: E:\Keil5\C51\BIN\C51.EXE main.c OPTIMIZE(8,SPEED) BROWSE DEBUG OBJECTEXTEND PRINT(.\Listings\main.l
                    -st) OBJECT(.\Objects\main.obj)

line level    source

   1          #include <REGX52.h>
   2          #include <INTRINS.H>
   3          
   4          void Delay();
   5          void main(){
   6   1               
   7   1      
   8   1              while(1)
   9   1              {
  10   2                      if(P3_1 == 0){
  11   3                              P2_0 = 0;
  12   3                      }
  13   2                      else {
  14   3                              P2_0 = 1;
  15   3                      }
  16   2                      
  17   2                      
  18   2                      
  19   2              }
  20   1      }
  21          
  22          void Delay()            //@12.000MHz  100ms
  23          {
  24   1              unsigned char i, j;
  25   1      
  26   1              i = 195;
  27   1              j = 138;
  28   1              do
  29   1              {
  30   2                      while (--j);
  31   2              } while (--i);
  32   1      }
  33          
  34          


MODULE INFORMATION:   STATIC OVERLAYABLE
   CODE SIZE        =     20    ----
   CONSTANT SIZE    =   ----    ----
   XDATA SIZE       =   ----    ----
   PDATA SIZE       =   ----    ----
   DATA SIZE        =   ----    ----
   IDATA SIZE       =   ----    ----
   BIT SIZE         =   ----    ----
END OF MODULE INFORMATION.


C51 COMPILATION COMPLETE.  0 WARNING(S),  0 ERROR(S)
